Arguments: 
  /usr/local/Cellar/node/8.2.1/bin/node /usr/local/bin/yarn init

PATH: 
  /usr/local/bin:/usr/local/bin:/usr/bin:/bin:/usr/sbin:/sbin

Yarn version: 
  1.5.1

Node version: 
  8.2.1

Platform: 
  darwin x64

npm manifest: 
  {
    "dependencies": {
      "babel-cli": "^6.23.0",
      "babel-polyfill": "^6.23.0",
      "babel-preset-es2015": "^6.22.0",
      "babili": "0.0.12",
      "bower": "^1.8.0",
      "entryscape-js": "git+https://bitbucket.org/metasolutions/entryscape-js.git",
      "eslint": "^4.19.1",
      "eslint-config-airbnb-base": "^12.1.0",
      "eslint-plugin-import": "^2.2.0",
      "eslint-plugin-requirejs": "^3.1.1",
      "formdata-polyfill": "^3.0.10",
      "grunt": "1.0.1",
      "grunt-available-tasks": "^0.6.3",
      "grunt-babel": "^6.0.0",
      "grunt-cli": "1.2.0",
      "grunt-contrib-copy": "^1.0.0",
      "grunt-contrib-requirejs": "^1.0.0",
      "grunt-contrib-uglify": "^2.3.0",
      "load-grunt-tasks": "^3.5.2",
      "pre-commit": "^1.2.2",
      "yup": "^0.25.1"
    },
    "pre-commit": [
      "lint"
    ],
    "scripts": {
      "lint": "node_modules/entryscape-js/dev/hook.sh",
      "eslint": "eslint .",
      "lintfix": "eslint . --fix"
    }
  }

yarn manifest: 
  No manifest

Lockfile: 
  No lockfile

Trace: 
  Error: canceled
      at Interface.<anonymous> (/usr/local/lib/node_modules/yarn/lib/cli.js:128791:13)
      at emitNone (events.js:105:13)
      at Interface.emit (events.js:207:7)
      at Interface._ttyWrite (readline.js:769:16)
      at ReadStream.onkeypress (readline.js:157:10)
      at emitTwo (events.js:125:13)
      at ReadStream.emit (events.js:213:7)
      at emitKeys (internal/readline.js:420:14)
      at emitKeys.next (<anonymous>)
      at ReadStream.onData (readline.js:1006:36)
